0 info it worked if it ends with ok
1 verbose cli [ '/home/th4/.nodebrew/node/v0.10.29/bin/node',
1 verbose cli   '/home/th4/.nodebrew/current/bin/npm',
1 verbose cli   'install',
1 verbose cli   'child-process' ]
2 info using npm@1.4.14
3 info using node@v0.10.29
4 verbose readDependencies using package.json deps
5 verbose cache add [ 'child-process', null ]
6 verbose cache add name=undefined spec="child-process" args=["child-process",null]
7 verbose parsed url { protocol: null,
7 verbose parsed url   slashes: null,
7 verbose parsed url   auth: null,
7 verbose parsed url   host: null,
7 verbose parsed url   port: null,
7 verbose parsed url   hostname: null,
7 verbose parsed url   hash: null,
7 verbose parsed url   search: null,
7 verbose parsed url   query: null,
7 verbose parsed url   pathname: 'child-process',
7 verbose parsed url   path: 'child-process',
7 verbose parsed url   href: 'child-process' }
8 silly lockFile f28a07a6-child-process child-process
9 verbose lock child-process /home/th4/.npm/f28a07a6-child-process.lock
10 silly lockFile f28a07a6-child-process child-process
11 silly lockFile f28a07a6-child-process child-process
12 verbose addNamed [ 'child-process', '' ]
13 verbose addNamed [ null, '*' ]
14 silly lockFile b9aadc1f-child-process child-process@
15 verbose lock child-process@ /home/th4/.npm/b9aadc1f-child-process.lock
16 silly addNameRange { name: 'child-process', range: '*', hasData: false }
17 verbose url raw child-process
18 verbose url resolving [ 'https://registry.npmjs.org/', './child-process' ]
19 verbose url resolved https://registry.npmjs.org/child-process
20 info trying registry request attempt 1 at 04:28:59
21 http GET https://registry.npmjs.org/child-process
22 http 404 https://registry.npmjs.org/child-process
23 verbose headers { date: 'Wed, 13 Aug 2014 19:29:00 GMT',
23 verbose headers   server: 'CouchDB/1.5.0 (Erlang OTP/R14B04)',
23 verbose headers   'content-type': 'application/json',
23 verbose headers   'cache-control': 'max-age=0',
23 verbose headers   'content-length': '52',
23 verbose headers   'accept-ranges': 'bytes',
23 verbose headers   via: '1.1 varnish',
23 verbose headers   age: '0',
23 verbose headers   'x-served-by': 'cache-lax1429-LAX',
23 verbose headers   'x-cache': 'MISS',
23 verbose headers   'x-cache-hits': '0',
23 verbose headers   'x-timer': 'S1407958140.099036,VS0,VE100',
23 verbose headers   'keep-alive': 'timeout=10, max=50',
23 verbose headers   connection: 'Keep-Alive' }
24 silly registry.get cb [ 404,
24 silly registry.get   { date: 'Wed, 13 Aug 2014 19:29:00 GMT',
24 silly registry.get     server: 'CouchDB/1.5.0 (Erlang OTP/R14B04)',
24 silly registry.get     'content-type': 'application/json',
24 silly registry.get     'cache-control': 'max-age=0',
24 silly registry.get     'content-length': '52',
24 silly registry.get     'accept-ranges': 'bytes',
24 silly registry.get     via: '1.1 varnish',
24 silly registry.get     age: '0',
24 silly registry.get     'x-served-by': 'cache-lax1429-LAX',
24 silly registry.get     'x-cache': 'MISS',
24 silly registry.get     'x-cache-hits': '0',
24 silly registry.get     'x-timer': 'S1407958140.099036,VS0,VE100',
24 silly registry.get     'keep-alive': 'timeout=10, max=50',
24 silly registry.get     connection: 'Keep-Alive' } ]
25 silly lockFile b9aadc1f-child-process child-process@
26 silly lockFile b9aadc1f-child-process child-process@
27 error 404 404 Not Found: child-process
27 error 404
27 error 404 'child-process' is not in the npm registry.
27 error 404 You should bug the author to publish it
27 error 404 It was specified as a dependency of 'yahoo-finance'
27 error 404
27 error 404 Note that you can also install from a
27 error 404 tarball, folder, or http url, or git url.
28 error System Linux 3.13.0-32-generic
29 error command "/home/th4/.nodebrew/node/v0.10.29/bin/node" "/home/th4/.nodebrew/current/bin/npm" "install" "child-process"
30 error cwd /home/th4/finance/node-yahoo-finance/examples
31 error node -v v0.10.29
32 error npm -v 1.4.14
33 error code E404
34 verbose exit [ 1, true ]
